<?xml version="1.0" encoding="UTF-8" ?>
<testsuite failures="0" time="22.794" errors="0" skipped="0" tests="12" name="com.jkt.donateme.client.TestDonateMe_GWT">
  <properties>
    <property name="java.runtime.name" value="Java(TM) SE Runtime Environment"/>
    <property name="sun.boot.library.path" value="/usr/java/jdk1.7.0_17/jre/lib/i386"/>
    <property name="java.vm.version" value="23.7-b01"/>
    <property name="java.vm.vendor" value="Oracle Corporation"/>
    <property name="java.vendor.url" value="http://java.oracle.com/"/>
    <property name="path.separator" value=":"/>
    <property name="guice.disable.misplaced.annotation.check" value="true"/>
    <property name="java.vm.name" value="Java HotSpot(TM) Server VM"/>
    <property name="file.encoding.pkg" value="sun.io"/>
    <property name="user.country" value="GB"/>
    <property name="sun.java.launcher" value="SUN_STANDARD"/>
    <property name="sun.os.patch.level" value="unknown"/>
    <property name="java.vm.specification.name" value="Java Virtual Machine Specification"/>
    <property name="user.dir" value="/home/suvendus/DonateMe-GWT"/>
    <property name="java.runtime.version" value="1.7.0_17-b02"/>
    <property name="java.awt.graphicsenv" value="sun.awt.X11GraphicsEnvironment"/>
    <property name="java.endorsed.dirs" value="/usr/java/jdk1.7.0_17/jre/lib/endorsed"/>
    <property name="os.arch" value="i386"/>
    <property name="java.io.tmpdir" value="/tmp"/>
    <property name="line.separator" value="
"/>
    <property name="java.vm.specification.vendor" value="Oracle Corporation"/>
    <property name="os.name" value="Linux"/>
    <property name="classworlds.conf" value="/usr/apache-maven-3.1.1/bin/m2.conf"/>
    <property name="sun.jnu.encoding" value="UTF-8"/>
    <property name="java.library.path" value="/usr/java/packages/lib/i386:/lib:/usr/lib"/>
    <property name="java.specification.name" value="Java Platform API Specification"/>
    <property name="java.class.version" value="51.0"/>
    <property name="sun.management.compiler" value="HotSpot Tiered Compilers"/>
    <property name="os.version" value="2.6.32-71.el6.i686"/>
    <property name="user.home" value="/home/suvendus"/>
    <property name="user.timezone" value="Europe/London"/>
    <property name="java.awt.printerjob" value="sun.print.PSPrinterJob"/>
    <property name="file.encoding" value="UTF-8"/>
    <property name="java.specification.version" value="1.7"/>
    <property name="user.name" value="suvendus"/>
    <property name="java.class.path" value="/usr/apache-maven-3.1.1/boot/plexus-classworlds-2.5.1.jar"/>
    <property name="org.slf4j.simpleLogger.defaultLogLevel" value="info"/>
    <property name="java.vm.specification.version" value="1.7"/>
    <property name="sun.arch.data.model" value="32"/>
    <property name="java.home" value="/usr/java/jdk1.7.0_17/jre"/>
    <property name="sun.java.command" value="org.codehaus.plexus.classworlds.launcher.Launcher clean install"/>
    <property name="java.specification.vendor" value="Oracle Corporation"/>
    <property name="user.language" value="en"/>
    <property name="awt.toolkit" value="sun.awt.X11.XToolkit"/>
    <property name="java.vm.info" value="mixed mode"/>
    <property name="java.version" value="1.7.0_17"/>
    <property name="java.ext.dirs" value="/usr/java/jdk1.7.0_17/jre/lib/ext:/usr/java/packages/lib/ext"/>
    <property name="securerandom.source" value="file:/dev/./urandom"/>
    <property name="sun.boot.class.path" value="/usr/java/jdk1.7.0_17/jre/lib/resources.jar:/usr/java/jdk1.7.0_17/jre/lib/rt.jar:/usr/java/jdk1.7.0_17/jre/lib/sunrsasign.jar:/usr/java/jdk1.7.0_17/jre/lib/jsse.jar:/usr/java/jdk1.7.0_17/jre/lib/jce.jar:/usr/java/jdk1.7.0_17/jre/lib/charsets.jar:/usr/java/jdk1.7.0_17/jre/lib/jfr.jar:/usr/java/jdk1.7.0_17/jre/classes"/>
    <property name="java.vendor" value="Oracle Corporation"/>
    <property name="maven.home" value="/usr/apache-maven-3.1.1"/>
    <property name="file.separator" value="/"/>
    <property name="java.vendor.url.bug" value="http://bugreport.sun.com/bugreport/"/>
    <property name="sun.cpu.endian" value="little"/>
    <property name="sun.io.unicode.encoding" value="UnicodeLittle"/>
    <property name="sun.desktop" value="gnome"/>
    <property name="sun.cpu.isalist" value=""/>
  </properties>
  <testcase time="15.837" classname="com.jkt.donateme.client.TestDonateMe_GWT" name="testPatientSignUpScreenView"/>
  <testcase time="0.646" classname="com.jkt.donateme.client.TestDonateMe_GWT" name="testPatientSignUpViewBinding"/>
  <testcase time="0.81" classname="com.jkt.donateme.client.TestDonateMe_GWT" name="testTextBoxesValuesNotEmpty"/>
  <testcase time="0.71" classname="com.jkt.donateme.client.TestDonateMe_GWT" name="testWhenUserDoNotEnterValues"/>
  <testcase time="1.156" classname="com.jkt.donateme.client.TestDonateMe_GWT" name="testWhenAllFieldsShouldBeValidate"/>
  <testcase time="0.578" classname="com.jkt.donateme.client.TestDonateMe_GWT" name="testWhenValuesAreInvalid"/>
  <testcase time="0.673" classname="com.jkt.donateme.client.TestDonateMe_GWT" name="testWhenPasswordDoNotMatch"/>
  <testcase time="0.705" classname="com.jkt.donateme.client.TestDonateMe_GWT" name="testWhenPasswordIsLessThanSix"/>
  <testcase time="0.565" classname="com.jkt.donateme.client.TestDonateMe_GWT" name="testWhenPasswordIsMoreThanTwelve"/>
  <testcase time="0.408" classname="com.jkt.donateme.client.TestDonateMe_GWT" name="testwhenClickOnMaleRadioButton"/>
  <testcase time="0.355" classname="com.jkt.donateme.client.TestDonateMe_GWT" name="testwhenClickOnFemaleRadioButton"/>
  <testcase time="0.351" classname="com.jkt.donateme.client.TestDonateMe_GWT" name="testwhenNoRadioButtonSelect"/>
</testsuite>