<?xml version="1.0" encoding="UTF-8" ?>
<testsuite failures="0" time="24.576" errors="0" skipped="0" tests="12" name="com.jkt.donateme.client.TestDonateMe_GWT">
  <properties>
    <property name="java.runtime.name" value="Java(TM) SE Runtime Environment"/>
    <property name="sun.boot.library.path" value="/usr/java/jdk1.7.0_17/jre/lib/i386"/>
    <property name="java.vm.version" value="23.7-b01"/>
    <property name="java.vm.vendor" value="Oracle Corporation"/>
    <property name="java.vendor.url" value="http://java.oracle.com/"/>
    <property name="path.separator" value=":"/>
    <property name="java.vm.name" value="Java HotSpot(TM) Server VM"/>
    <property name="file.encoding.pkg" value="sun.io"/>
    <property name="user.country" value="GB"/>
    <property name="sun.java.launcher" value="SUN_STANDARD"/>
    <property name="sun.os.patch.level" value="unknown"/>
    <property name="java.vm.specification.name" value="Java Virtual Machine Specification"/>
    <property name="user.dir" value="/home/nitish.k/gitClones/DonateMe-GWT"/>
    <property name="java.runtime.version" value="1.7.0_17-b02"/>
    <property name="org.mortbay.log.class" value="com.google.gwt.dev.shell.jetty.JettyNullLogger"/>
    <property name="java.awt.graphicsenv" value="sun.awt.X11GraphicsEnvironment"/>
    <property name="basedir" value="/home/nitish.k/gitClones/DonateMe-GWT"/>
    <property name="java.endorsed.dirs" value="/usr/java/jdk1.7.0_17/jre/lib/endorsed"/>
    <property name="os.arch" value="i386"/>
    <property name="java.io.tmpdir" value="/tmp"/>
    <property name="line.separator" value="
"/>
    <property name="java.vm.specification.vendor" value="Oracle Corporation"/>
    <property name="os.name" value="Linux"/>
    <property name="sun.jnu.encoding" value="UTF-8"/>
    <property name="java.library.path" value="/usr/java/packages/lib/i386:/lib:/usr/lib"/>
    <property name="surefire.test.class.path" value="/home/nitish.k/gitClones/DonateMe-GWT/target/test-classes:/home/nitish.k/gitClones/DonateMe-GWT/target/classes:/home/nitish.k/.m2/repository/com/google/gwt/gwt-servlet/2.5.1/gwt-servlet-2.5.1.jar:/home/nitish.k/.m2/repository/com/google/gwt/gwt-user/2.5.1/gwt-user-2.5.1.jar:/home/nitish.k/.m2/repository/javax/validation/validation-api/1.0.0.GA/validation-api-1.0.0.GA.jar:/home/nitish.k/.m2/repository/javax/validation/validation-api/1.0.0.GA/validation-api-1.0.0.GA-sources.jar:/home/nitish.k/.m2/repository/org/json/json/20090211/json-20090211.jar:/home/nitish.k/.m2/repository/junit/junit/3.8.1/junit-3.8.1.jar:/home/nitish.k/.m2/repository/net/customware/gwt/presenter/gwt-presenter/1.1.1/gwt-presenter-1.1.1.jar:/home/nitish.k/.m2/repository/com/google/inject/guice/3.0/guice-3.0.jar:/home/nitish.k/.m2/repository/javax/inject/javax.inject/1/javax.inject-1.jar:/home/nitish.k/.m2/repository/aopalliance/aopalliance/1.0/aopalliance-1.0.jar:/home/nitish.k/.m2/repository/com/google/gwt/inject/gin/2.1.2/gin-2.1.2.jar:/home/nitish.k/.m2/repository/com/google/inject/extensions/guice-assistedinject/3.0/guice-assistedinject-3.0.jar:/home/nitish.k/.m2/repository/net/tanesha/recaptcha4j/recaptcha4j/0.0.7/recaptcha4j-0.0.7.jar:/home/nitish.k/.m2/repository/com/google/code/maven-play-plugin/net/tanesha/recaptcha4j/recaptcha4j/0.0.8/recaptcha4j-0.0.8.jar:/home/nitish.k/.m2/repository/com/claudiushauptmann/gwt-recaptcha/1.0.0.Beta2/gwt-recaptcha-1.0.0.Beta2.jar:/home/nitish.k/.m2/repository/com/google/gwt/gwt-dev/2.5.1/gwt-dev-2.5.1.jar:/home/nitish.k/.m2/repository/com/google/gwt/gwt-codeserver/2.5.1/gwt-codeserver-2.5.1.jar:/home/nitish.k/.m2/repository/org/easymock/easymock/2.5/easymock-2.5.jar:/home/nitish.k/.m2/repository/com/sun/jersey/jersey-client/1.4/jersey-client-1.4.jar:/home/nitish.k/.m2/repository/com/sun/jersey/jersey-core/1.4/jersey-core-1.4.jar:/home/nitish.k/gitClones/DonateMe-GWT/src:/home/nitish.k/gitClones/DonateMe-GWT/test:"/>
    <property name="java.specification.name" value="Java Platform API Specification"/>
    <property name="java.class.version" value="51.0"/>
    <property name="sun.management.compiler" value="HotSpot Tiered Compilers"/>
    <property name="os.version" value="2.6.32-71.el6.i686"/>
    <property name="user.home" value="/home/nitish.k"/>
    <property name="user.timezone" value="Europe/London"/>
    <property name="java.awt.printerjob" value="sun.print.PSPrinterJob"/>
    <property name="file.encoding" value="UTF-8"/>
    <property name="java.specification.version" value="1.7"/>
    <property name="org.mortbay.xml.XmlParser.Validating" value="false"/>
    <property name="user.name" value="nitish.k"/>
    <property name="java.class.path" value="/home/nitish.k/.m2/repository/org/apache/maven/surefire/surefire-booter/2.4.3/surefire-booter-2.4.3.jar:/home/nitish.k/.m2/repository/org/apache/maven/surefire/surefire-api/2.4.3/surefire-api-2.4.3.jar"/>
    <property name="build.compiler" value="org.eclipse.jdt.core.JDTCompilerAdapter"/>
    <property name="java.vm.specification.version" value="1.7"/>
    <property name="sun.arch.data.model" value="32"/>
    <property name="java.home" value="/usr/java/jdk1.7.0_17/jre"/>
    <property name="sun.java.command" value="org.apache.maven.surefire.booter.SurefireBooter /tmp/surefire3463217853578549675tmp /tmp/surefire4653888747331674777tmp"/>
    <property name="java.specification.vendor" value="Oracle Corporation"/>
    <property name="user.language" value="en"/>
    <property name="awt.toolkit" value="sun.awt.X11.XToolkit"/>
    <property name="java.vm.info" value="mixed mode"/>
    <property name="java.version" value="1.7.0_17"/>
    <property name="java.ext.dirs" value="/usr/java/jdk1.7.0_17/jre/lib/ext:/usr/java/packages/lib/ext"/>
    <property name="sun.boot.class.path" value="/usr/java/jdk1.7.0_17/jre/lib/resources.jar:/usr/java/jdk1.7.0_17/jre/lib/rt.jar:/usr/java/jdk1.7.0_17/jre/lib/sunrsasign.jar:/usr/java/jdk1.7.0_17/jre/lib/jsse.jar:/usr/java/jdk1.7.0_17/jre/lib/jce.jar:/usr/java/jdk1.7.0_17/jre/lib/charsets.jar:/usr/java/jdk1.7.0_17/jre/lib/jfr.jar:/usr/java/jdk1.7.0_17/jre/classes"/>
    <property name="java.vendor" value="Oracle Corporation"/>
    <property name="localRepository" value="/home/nitish.k/.m2/repository"/>
    <property name="file.separator" value="/"/>
    <property name="java.vendor.url.bug" value="http://bugreport.sun.com/bugreport/"/>
    <property name="sun.cpu.endian" value="little"/>
    <property name="sun.io.unicode.encoding" value="UnicodeLittle"/>
    <property name="sun.desktop" value="gnome"/>
    <property name="sun.cpu.isalist" value=""/>
  </properties>
  <testcase time="17.772" classname="com.jkt.donateme.client.TestDonateMe_GWT" name="testPatientSignUpScreenView"/>
  <testcase time="0.777" classname="com.jkt.donateme.client.TestDonateMe_GWT" name="testPatientSignUpViewBinding"/>
  <testcase time="0.7" classname="com.jkt.donateme.client.TestDonateMe_GWT" name="testTextBoxesValuesNotEmpty"/>
  <testcase time="0.922" classname="com.jkt.donateme.client.TestDonateMe_GWT" name="testWhenUserDoNotEnterValues"/>
  <testcase time="0.843" classname="com.jkt.donateme.client.TestDonateMe_GWT" name="testWhenAllFieldsShouldBeValidate"/>
  <testcase time="0.609" classname="com.jkt.donateme.client.TestDonateMe_GWT" name="testWhenValuesAreInvalid"/>
  <testcase time="0.644" classname="com.jkt.donateme.client.TestDonateMe_GWT" name="testWhenPasswordDoNotMatch"/>
  <testcase time="0.62" classname="com.jkt.donateme.client.TestDonateMe_GWT" name="testWhenPasswordIsLessThanSix"/>
  <testcase time="0.495" classname="com.jkt.donateme.client.TestDonateMe_GWT" name="testWhenPasswordIsMoreThanTwelve"/>
  <testcase time="0.38" classname="com.jkt.donateme.client.TestDonateMe_GWT" name="testwhenClickOnMaleRadioButton"/>
  <testcase time="0.397" classname="com.jkt.donateme.client.TestDonateMe_GWT" name="testwhenClickOnFemaleRadioButton"/>
  <testcase time="0.322" classname="com.jkt.donateme.client.TestDonateMe_GWT" name="testwhenNoRadioButtonSelect"/>
</testsuite>